
  EPA STORM WATER MANAGEMENT MODEL - VERSION 5.1 (Build 5.3.0.dev0)
  --------------------------------------------------------------

  
  *********************************************************
  NOTE: The summary statistics displayed in this report are
  based on results found at every computational time step,  
  not just on results from each reporting time step.
  *********************************************************
  
  ****************
  Analysis Options
  ****************
  Flow Units ............... CMS
  Process Models:
    Rainfall/Runoff ........ YES
    RDII ................... NO
    Snowmelt ............... NO
    Groundwater ............ NO
    Flow Routing ........... YES
    Ponding Allowed ........ NO
    Water Quality .......... NO
  Infiltration Method ...... HORTON
  Flow Routing Method ...... DYNWAVE
  Surcharge Method ......... EXTRAN
  Starting Date ............ 06/01/2009 22:30:00
  Ending Date .............. 06/02/2009 10:30:00
  Antecedent Dry Days ...... 0.0
  Report Time Step ......... 00:05:00
  Wet Time Step ............ 00:05:00
  Dry Time Step ............ 01:00:00
  Routing Time Step ........ 30.00 sec
  Variable Time Step ....... YES
  Maximum Trials ........... 8
  Number of Threads ........ 1
  Head Tolerance ........... 0.001500 m
  
  
  **************************        Volume         Depth
  Runoff Quantity Continuity     hectare-m            mm
  **************************     ---------       -------
  Total Precipitation ......         1.617         8.975
  Evaporation Loss .........         0.000         0.000
  Infiltration Loss ........         0.000         0.000
  Surface Runoff ...........         1.583         8.786
  Final Storage ............         0.037         0.203
  Continuity Error (%) .....        -0.160
  
  
  **************************        Volume        Volume
  Flow Routing Continuity        hectare-m      10^6 ltr
  **************************     ---------     ---------
  Dry Weather Inflow .......         0.274         2.742
  Wet Weather Inflow .......         1.583        15.831
  Groundwater Inflow .......         0.000         0.000
  RDII Inflow ..............         0.000         0.000
  External Inflow ..........         0.000         0.000
  External Outflow .........         0.937         9.367
  Flooding Loss ............         0.133         1.327
  Evaporation Loss .........         0.000         0.000
  Exfiltration Loss ........         0.000         0.000
  Initial Stored Volume ....         0.000         0.000
  Final Stored Volume ......         0.610         6.098
  Continuity Error (%) .....         9.586
  
  
  *************************
  Highest Continuity Errors
  *************************
  Node T5 (20.00%)
  Node T6 (19.07%)
  Node T3 (18.44%)
  Node T2 (16.81%)
  Node T4 (15.23%)
  
  
  ***************************
  Time-Step Critical Elements
  ***************************
  Link C15 (33.50%)
  Link C21 (8.42%)
  
  
  ********************************
  Highest Flow Instability Indexes
  ********************************
  Link C3 (8)
  Link C11 (8)
  Link C2 (7)
  Link V3 (7)
  Link C12 (7)
  
  
  *************************
  Routing Time Step Summary
  *************************
  Minimum Time Step           :     0.05 sec
  Average Time Step           :    27.49 sec
  Maximum Time Step           :    30.00 sec
  Percent in Steady State     :     3.33
  Average Iterations per Step :     2.04
  Percent Not Converging      :     0.00
  
  
  ***************************
  Subcatchment Runoff Summary
  ***************************
  
  ------------------------------------------------------------------------------------------------------------------------------
                            Total      Total      Total      Total     Imperv       Perv      Total       Total     Peak  Runoff
                           Precip      Runon       Evap      Infil     Runoff     Runoff     Runoff      Runoff   Runoff   Coeff
  Subcatchment                 mm         mm         mm         mm         mm         mm         mm    10^6 ltr      CMS
  ------------------------------------------------------------------------------------------------------------------------------
  SC01                      11.75       0.00       0.00       0.00      11.64       0.00      11.64        3.84     0.46   0.990
  SC010                     11.75       0.00       0.00       0.00      11.58       0.00      11.58        1.36     0.15   0.986
  SC02                       8.50       0.00       0.00       0.00       8.37       0.00       8.37        1.90     0.17   0.985
  SC03                       6.67       0.00       0.00       0.00       6.60       0.00       6.60        1.19     0.14   0.989
  SC04                       8.50       0.00       0.00       0.00       8.18       0.00       8.18        0.56     0.04   0.963
  SC05                      11.75       0.00       0.00       0.00      11.62       0.00      11.62        1.81     0.21   0.989
  SC06                       7.83       0.00       0.00       0.00       7.44       0.00       7.44        2.42     0.18   0.950
  SC07                       8.50       0.00       0.00       0.00       8.19       0.00       8.19        0.39     0.03   0.963
  SC08                       6.67       0.00       0.00       0.00       6.52       0.00       6.52        1.82     0.18   0.977
  SC09                       7.83       0.00       0.00       0.00       7.61       0.00       7.61        0.53     0.04   0.972
  
  
  ******************
  Node Depth Summary
  ******************
  
  ---------------------------------------------------------------------------------
                                 Average  Maximum  Maximum  Time of Max    Reported
                                   Depth    Depth      HGL   Occurrence   Max Depth
  Node                 Type       Meters   Meters   Meters  days hr:min      Meters
  ---------------------------------------------------------------------------------
  CSO10                JUNCTION     0.14     0.34    30.34     0  04:11        0.33
  CSO7                 JUNCTION     0.08     0.13    34.13     0  04:55        0.13
  CSO8                 JUNCTION     0.12     0.26    32.26     0  08:20        0.26
  CSO9                 JUNCTION     0.10     0.19    40.19     0  09:26        0.18
  J1                   JUNCTION     0.07     0.15    34.15     0  04:11        0.15
  J10                  JUNCTION     0.09     0.18    29.18     0  08:23        0.18
  J11                  JUNCTION     0.09     0.19    31.19     0  08:25        0.19
  J12                  JUNCTION     0.12     0.22    26.22     0  08:26        0.22
  J13                  JUNCTION     0.06     0.11    29.11     0  04:55        0.11
  J14                  JUNCTION     0.11     0.18    20.18     0  10:53        0.17
  J15                  JUNCTION     0.18     0.29    15.29     0  04:16        0.29
  J16                  JUNCTION     0.08     0.17    30.17     0  04:10        0.16
  J17                  JUNCTION     0.07     0.12    20.12     0  09:50        0.12
  J18                  JUNCTION     0.06     0.14    29.14     0  04:13        0.14
  J19                  JUNCTION     0.15     0.17     8.17     0  04:23        0.17
  J2                   JUNCTION     0.07     0.08    25.08     0  10:04        0.08
  J3                   JUNCTION     0.10     0.15    18.15     0  11:16        0.15
  J4                   JUNCTION     0.10     0.16    33.16     0  04:59        0.16
  J5                   JUNCTION     0.06     0.09    32.09     0  04:57        0.09
  J6                   JUNCTION     0.06     0.10    25.10     0  10:07        0.10
  J7                   JUNCTION     0.07     0.13    39.13     0  05:01        0.13
  J8                   JUNCTION     0.10     0.16    36.16     0  09:30        0.16
  J9                   JUNCTION     0.09     0.17    29.17     0  10:48        0.17
  Out_to_WWTP          OUTFALL      0.15     0.17     6.17     0  05:53        0.17
  T1                   STORAGE      3.67     5.00    15.00     0  04:21        5.00
  T2                   STORAGE      1.33     2.26    23.26     0  10:10        2.26
  T3                   STORAGE      1.68     3.58    25.58     0  12:00        3.58
  T4                   STORAGE      1.34     2.42    29.42     0  12:00        2.42
  T5                   STORAGE      3.27     5.00    32.00     0  09:35        5.00
  T6                   STORAGE      2.43     5.00    36.00     0  10:28        5.00
  
  
  *******************
  Node Inflow Summary
  *******************
  
  -------------------------------------------------------------------------------------------------
                                  Maximum  Maximum                  Lateral       Total        Flow
                                  Lateral    Total  Time of Max      Inflow      Inflow     Balance
                                   Inflow   Inflow   Occurrence      Volume      Volume       Error
  Node                 Type           CMS      CMS  days hr:min    10^6 ltr    10^6 ltr     Percent
  -------------------------------------------------------------------------------------------------
  CSO10                JUNCTION     0.148    0.148     0  04:10        1.46        1.46       0.013
  CSO7                 JUNCTION     0.032    0.032     0  04:55       0.593       0.593       0.093
  CSO8                 JUNCTION     0.188    0.188     0  08:20        1.99        1.99       0.009
  CSO9                 JUNCTION     0.048    0.048     0  09:25       0.663       0.663       0.075
  J1                   JUNCTION     0.213    0.213     0  04:10        2.21        2.21       0.008
  J10                  JUNCTION     0.147    0.322     0  08:21        1.46        3.45       0.119
  J11                  JUNCTION     0.000    0.188     0  08:21           0        1.99       0.280
  J12                  JUNCTION     0.000    0.447     0  08:25           0        5.96       0.299
  J13                  JUNCTION     0.174    0.174     0  04:55        2.23        2.24      -0.148
  J14                  JUNCTION     0.000    0.160     0  11:50           0        2.99       0.163
  J15                  JUNCTION     0.000    0.764     0  04:12           0        12.1       0.655
  J16                  JUNCTION     0.459    0.459     0  04:10        4.23        4.23      -0.023
  J17                  JUNCTION     0.000    0.094     0  10:10           0        1.45       1.973
  J18                  JUNCTION     0.000    0.148     0  04:11           0        1.46       0.000
  J19                  JUNCTION     0.000    0.271     0  04:22           0        9.38       0.131
  J2                   JUNCTION     0.000    0.039     0  09:36           0        1.27       0.431
  J3                   JUNCTION     0.000    0.252     0  11:15           0        5.06       0.573
  J4                   JUNCTION     0.000    0.032     0  04:55           0       0.593       0.650
  J5                   JUNCTION     0.045    0.074     0  04:56       0.654        1.24       0.127
  J6                   JUNCTION     0.000    0.055     0  11:10           0       0.811      -0.113
  J7                   JUNCTION     0.000    0.047     0  09:26           0       0.663       0.409
  J8                   JUNCTION     0.192    0.228     0  09:28        3.08        3.75       0.169
  J9                   JUNCTION     0.000    0.175     0  10:30           0        2.54       0.888
  Out_to_WWTP          OUTFALL      0.000    0.271     0  04:23           0        9.37       0.000
  T1                   STORAGE      0.000    0.742     0  04:16           0        12.1       6.608
  T2                   STORAGE      0.000    0.173     0  04:56           0        2.24      20.209
  T3                   STORAGE      0.000    0.425     0  08:26           0        5.94      22.615
  T4                   STORAGE      0.000    0.074     0  04:58           0        1.24      17.973
  T5                   STORAGE      0.000    0.211     0  04:11           0        2.21      25.004
  T6                   STORAGE      0.000    0.227     0  09:30           0        3.74      23.569
  
  
  **********************
  Node Surcharge Summary
  **********************
  
  No nodes were surcharged.
  
  
  *********************
  Node Flooding Summary
  *********************
  
  Flooding refers to all water that overflows a node, whether it ponds or not.
  --------------------------------------------------------------------------
                                                             Total   Maximum
                                 Maximum   Time of Max       Flood    Ponded
                        Hours       Rate    Occurrence      Volume     Depth
  Node                 Flooded       CMS   days hr:min    10^6 ltr    Meters
  --------------------------------------------------------------------------
  T1                      2.49     0.421      0  04:21       1.281     0.000
  T5                      0.48     0.059      0  09:35       0.038     0.000
  T6                      0.03     0.060      0  10:28       0.007     0.000
  
  
  **********************
  Storage Volume Summary
  **********************
  
  --------------------------------------------------------------------------------------------------
                         Average     Avg  Evap Exfil       Maximum     Max    Time of Max    Maximum
                          Volume    Pcnt  Pcnt  Pcnt        Volume    Pcnt     Occurrence    Outflow
  Storage Unit           1000 m3    Full  Loss  Loss       1000 m3    Full    days hr:min        CMS
  --------------------------------------------------------------------------------------------------
  T1                       0.514      73     0     0         0.700     100       0  04:21      0.271
  T2                       0.266      27     0     0         0.452      45       0  10:10      0.094
  T3                       0.876      34     0     0         1.859      72       0  12:00      0.160
  T4                       0.134      27     0     0         0.242      48       0  12:00      0.055
  T5                       0.327      65     0     0         0.500     100       0  09:35      0.039
  T6                       0.292      49     0     0         0.600     100       0  10:28      0.175
  
  
  ***********************
  Outfall Loading Summary
  ***********************
  
  -----------------------------------------------------------
                         Flow       Avg       Max       Total
                         Freq      Flow      Flow      Volume
  Outfall Node           Pcnt       CMS       CMS    10^6 ltr
  -----------------------------------------------------------
  Out_to_WWTP           98.92     0.220     0.271       9.367
  -----------------------------------------------------------
  System                98.92     0.220     0.271       9.367
  
  
  ********************
  Link Flow Summary
  ********************
  
  -----------------------------------------------------------------------------
                                 Maximum  Time of Max   Maximum    Max/    Max/
                                  |Flow|   Occurrence   |Veloc|    Full    Full
  Link                 Type          CMS  days hr:min     m/sec    Flow   Depth
  -----------------------------------------------------------------------------
  C1                   CONDUIT     0.039     0  10:04      1.14    0.01    0.12
  C10                  CONDUIT     0.227     0  09:30      2.18    0.02    0.55
  C11                  CONDUIT     0.242     0  11:16      1.97    0.01    0.10
  C12                  CONDUIT     0.173     0  10:50      1.53    0.01    0.09
  C13                  CONDUIT     0.425     0  08:26      1.78    0.02    0.55
  C14                  CONDUIT     0.271     0  04:23      2.08    0.02    0.09
  C15                  CONDUIT     0.188     0  08:21      2.37    0.60    0.49
  C16                  CONDUIT     0.186     0  08:25      1.31    0.02    0.09
  C17                  CONDUIT     0.321     0  08:23      2.16    0.02    0.10
  C18                  CONDUIT     0.173     0  04:56      1.40    0.01    0.53
  C19                  CONDUIT     0.094     0  09:51      1.28    0.03    0.19
  C2                   CONDUIT     0.055     0  10:07      1.56    0.06    0.21
  C20                  CONDUIT     0.456     0  04:11      2.77    0.01    0.11
  C21                  CONDUIT     0.148     0  04:11      1.75    0.85    0.54
  C22                  CONDUIT     0.146     0  04:13      1.36    0.07    0.27
  C23                  CONDUIT     0.742     0  04:16      1.35    0.08    0.60
  C3                   CONDUIT     0.161     0  11:53      2.09    0.06    0.16
  C4                   CONDUIT     0.211     0  04:11      6.63    0.05    0.58
  C5                   CONDUIT     0.032     0  04:55      1.50    0.55    0.57
  C6                   CONDUIT     0.031     0  04:59      1.10    0.49    0.42
  C7                   CONDUIT     0.074     0  04:58      0.96    0.02    0.55
  C8                   CONDUIT     0.047     0  09:26      1.39    0.59    0.49
  C9                   CONDUIT     0.044     0  05:01      0.94    0.15    0.29
  V1                   ORIFICE     0.271     0  04:22                      1.00
  V2                   ORIFICE     0.094     0  10:10                      1.00
  V3                   ORIFICE     0.160     0  11:50                      1.00
  V4                   ORIFICE     0.055     0  11:10                      1.00
  V5                   ORIFICE     0.039     0  09:36                      1.00
  V6                   ORIFICE     0.175     0  10:30                      1.00
  
  
  ***************************
  Flow Classification Summary
  ***************************
  
  -------------------------------------------------------------------------------------
                      Adjusted    ---------- Fraction of Time in Flow Class ---------- 
                       /Actual         Up    Down  Sub   Sup   Up    Down  Norm  Inlet 
  Conduit               Length    Dry  Dry   Dry   Crit  Crit  Crit  Crit  Ltd   Ctrl  
  -------------------------------------------------------------------------------------
  C1                      1.00   0.00  0.00  0.00  0.19  0.81  0.00  0.00  0.95  0.00
  C10                     1.00   0.00  0.00  0.00  0.93  0.07  0.00  0.00  0.96  0.00
  C11                     1.00   0.00  0.00  0.00  0.36  0.63  0.00  0.00  1.00  0.00
  C12                     1.00   0.00  0.00  0.00  0.58  0.42  0.00  0.00  0.85  0.00
  C13                     1.00   0.00  0.00  0.00  0.92  0.08  0.00  0.00  0.93  0.00
  C14                     1.00   0.01  0.00  0.00  0.01  0.99  0.00  0.00  0.49  0.00
  C15                     1.00   0.01  0.00  0.00  0.00  0.99  0.00  0.00  0.00  0.00
  C16                     1.00   0.00  0.01  0.00  0.20  0.79  0.00  0.00  0.10  0.00
  C17                     1.00   0.00  0.00  0.00  0.22  0.78  0.00  0.00  0.97  0.00
  C18                     1.00   0.00  0.00  0.00  0.93  0.07  0.00  0.00  0.96  0.00
  C19                     1.00   0.00  0.00  0.00  0.89  0.11  0.00  0.00  1.00  0.00
  C2                      1.00   0.00  0.00  0.00  0.58  0.42  0.00  0.00  0.99  0.00
  C20                     1.00   0.00  0.00  0.00  0.40  0.60  0.00  0.00  0.99  0.00
  C21                     1.00   0.00  0.00  0.00  0.00  1.00  0.00  0.00  0.00  0.00
  C22                     1.00   0.00  0.00  0.00  0.88  0.12  0.00  0.00  1.00  0.00
  C23                     1.00   0.00  0.00  0.00  0.92  0.08  0.00  0.00  0.94  0.00
  C3                      1.00   0.00  0.01  0.00  0.05  0.95  0.00  0.00  0.42  0.00
  C4                      1.00   0.00  0.00  0.00  0.93  0.07  0.00  0.00  0.97  0.00
  C5                      1.00   0.00  0.00  0.00  0.74  0.26  0.00  0.00  0.98  0.00
  C6                      1.00   0.00  0.00  0.00  0.01  0.99  0.00  0.00  0.00  0.00
  C7                      1.00   0.00  0.00  0.00  0.92  0.08  0.00  0.00  0.95  0.00
  C8                      1.00   0.00  0.00  0.00  0.00  1.00  0.00  0.00  0.00  0.00
  C9                      1.00   0.00  0.00  0.00  1.00  0.00  0.00  0.00  1.00  0.00
  
  
  *************************
  Conduit Surcharge Summary
  *************************
  
  ----------------------------------------------------------------------------
                                                           Hours        Hours 
                         --------- Hours Full --------   Above Full   Capacity
  Conduit                Both Ends  Upstream  Dnstream   Normal Flow   Limited
  ----------------------------------------------------------------------------
  C10                         0.01      0.01      7.33      0.01         0.01
  C13                         0.01      0.01      4.18      0.01         0.01
  C18                         0.01      0.01      2.52      0.01         0.01
  C23                         0.01      0.01     10.16      0.01         0.01
  C4                          0.01      0.01      9.99      0.01         0.01
  C7                          0.01      0.01      7.39      0.01         0.01
  

  Analysis begun on:  Sun Aug 21 16:49:53 2022
  Analysis ended on:  Sun Aug 21 16:49:53 2022
  Total elapsed time: < 1 sec